Unity Editor version:    6000.0.45f1 (d91bd3d4e081)
Branch:                  6000.0/release
Build type:              Release
Batch mode:              YES
macOS version:           Version 14.7.6 (Build 23H626)
Darwin version:          23.6.0
Architecture:            x86_64
Running under Rosetta:   NO
Available memory:        16384 MB
Using pre-set license
Pro License: YES

COMMAND LINE ARGUMENTS:
/Applications/Unity/Hub/Editor/6000.0.45f1/Unity.app/Contents/MacOS/Unity
-adb2
-batchMode
-noUpm
-name
AssetImportWorker0
-projectPath
/Users/mac/Desktop/Whatcha Thinkin’/Whatcha Thinkin
-logFile
Logs/AssetImportWorker0.log
-srvPort
52939
-job-worker-count
1
-background-job-worker-count
8
-gc-helper-count
1
Successfully changed project path to: /Users/mac/Desktop/Whatcha Thinkin’/Whatcha Thinkin
/Users/mac/Desktop/Whatcha Thinkin’/Whatcha Thinkin
[UnityMemory] Configuration Parameters - Can be set up in boot.config
    "memorysetup-bucket-allocator-granularity=16"
    "memorysetup-bucket-allocator-bucket-count=8"
    "memorysetup-bucket-allocator-block-size=33554432"
    "memorysetup-bucket-allocator-block-count=8"
    "memorysetup-main-allocator-block-size=16777216"
    "memorysetup-thread-allocator-block-size=16777216"
    "memorysetup-gfx-main-allocator-block-size=16777216"
    "memorysetup-gfx-thread-allocator-block-size=16777216"
    "memorysetup-cache-allocator-block-size=4194304"
    "memorysetup-typetree-allocator-block-size=2097152"
    "memorysetup-profiler-bucket-allocator-granularity=16"
    "memorysetup-profiler-bucket-allocator-bucket-count=8"
    "memorysetup-profiler-bucket-allocator-block-size=33554432"
    "memorysetup-profiler-bucket-allocator-block-count=8"
    "memorysetup-profiler-allocator-block-size=16777216"
    "memorysetup-profiler-editor-allocator-block-size=1048576"
    "memorysetup-temp-allocator-size-main=16777216"
    "memorysetup-job-temp-allocator-block-size=2097152"
    "memorysetup-job-temp-allocator-block-size-background=1048576"
    "memorysetup-job-temp-allocator-reduction-small-platforms=262144"
    "memorysetup-allocator-temp-initial-block-size-main=262144"
    "memorysetup-allocator-temp-initial-block-size-worker=262144"
    "memorysetup-temp-allocator-size-background-worker=32768"
    "memorysetup-temp-allocator-size-job-worker=262144"
    "memorysetup-temp-allocator-size-preload-manager=33554432"
    "memorysetup-temp-allocator-size-nav-mesh-worker=65536"
    "memorysetup-temp-allocator-size-audio-worker=65536"
    "memorysetup-temp-allocator-size-cloud-worker=32768"
    "memorysetup-temp-allocator-size-gi-baking-worker=262144"
    "memorysetup-temp-allocator-size-gi-baking-worker=262144"
    "memorysetup-temp-allocator-size-gi-baking-worker=262144"
    "memorysetup-temp-allocator-size-gi-baking-worker=262144"
    "memorysetup-temp-allocator-size-gi-baking-worker=262144"
    "memorysetup-temp-allocator-size-gfx=262144"
Player connection [140704274596608]  Target information:

Player connection [140704274596608]  * "[IP] 192.168.68.121 [Port] 0 [Flags] 2 [Guid] 3519400694 [EditorId] 3519400694 [Version] 1048832 [Id] OSXEditor(0,Macs-MacBook-Air-3.local) [Debug] 1 [PackageName] OSXEditor [ProjectName] Editor" 

Player connection [140704274596608] Host joined multi-casting on [225.0.0.222:54997]...
Player connection [140704274596608] Host joined alternative multi-casting on [225.0.0.222:34997]...
JobSystem: Creating JobQueue using job-worker-count value 1
Input System module state changed to: Initialized.
[Physics::Module] Initialized fallback backend.
[Physics::Module] Id: 0xdecafbad
Library Redirect Path: Library/
[Physics::Module] Selected backend.
[Physics::Module] Name: PhysX
[Physics::Module] Id: 0xf2b8ea05
[Physics::Module] SDK Version: 4.1.2
[Physics::Module] Integration Version: 1.0.0
[Physics::Module] Threading Mode: Multi-Threaded
Refreshing native plugins compatible for Editor in 4.69 ms, found 2 plugins.
Preloading 0 native plugins for Editor in 0.00 ms.
Initialize engine version: 6000.0.45f1 (d91bd3d4e081)
[Subsystems] Discovering subsystems at path /Applications/Unity/Hub/Editor/6000.0.45f1/Unity.app/Contents/Resources/UnitySubsystems
[Subsystems] Discovering subsystems at path /Users/mac/Desktop/Whatcha Thinkin’/Whatcha Thinkin/Assets
GfxDevice: creating device client; kGfxThreadingModeNonThreaded
Color LCD preferred device: Intel(R) UHD Graphics 617 (low power)
Metal devices available: 1
0: Intel(R) UHD Graphics 617 (low power)
Using device Intel(R) UHD Graphics 617 (low power)
Initializing Metal device caps: Intel(R) UHD Graphics 617
Initialize mono
Mono path[0] = '/Applications/Unity/Hub/Editor/6000.0.45f1/Unity.app/Contents/Managed'
Mono path[1] = '/Applications/Unity/Hub/Editor/6000.0.45f1/Unity.app/Contents/MonoBleedingEdge/lib/mono/unityjit-macos'
Mono config path = '/Applications/Unity/Hub/Editor/6000.0.45f1/Unity.app/Contents/MonoBleedingEdge/etc'
Using monoOptions --debugger-agent=transport=dt_socket,embedding=1,server=y,suspend=n,address=127.0.0.1:56158
Begin MonoManager ReloadAssembly
Registering precompiled unity dll's ...
Register platform support module: /Applications/Unity/Hub/Editor/6000.0.45f1/PlaybackEngines/WebGLSupport/UnityEditor.WebGL.Extensions.dll
Register platform support module: /Applications/Unity/Hub/Editor/6000.0.45f1/Unity.app/Contents/PlaybackEngines/MacStandaloneSupport/UnityEditor.OSXStandalone.Extensions.dll
Register platform support module: /Applications/Unity/Hub/Editor/6000.0.45f1/PlaybackEngines/WindowsStandaloneSupport/UnityEditor.WindowsStandalone.Extensions.dll
Register platform support module: /Applications/Unity/Hub/Editor/6000.0.45f1/PlaybackEngines/AndroidPlayer/UnityEditor.Android.Extensions.dll
Register platform support module: /Applications/Unity/Hub/Editor/6000.0.45f1/PlaybackEngines/iOSSupport/UnityEditor.iOS.Extensions.dll
Register platform support module: /Applications/Unity/Hub/Editor/6000.0.45f1/PlaybackEngines/LinuxStandaloneSupport/UnityEditor.LinuxStandalone.Extensions.dll
Registered in 0.017624 seconds.
- Loaded All Assemblies, in  2.899 seconds
Native extension for LinuxStandalone target not found
[usbmuxd] Start listen thread
[usbmuxd] Listen thread started
[usbmuxd] Send listen message
Native extension for iOS target not found
Native extension for Android target not found
Android Extension - Scanning For ADB Devices 518 ms
Native extension for WindowsStandalone target not found
Native extension for OSXStandalone target not found
Native extension for WebGL target not found
Mono: successfully reloaded assembly
- Finished resetting the current domain, in  4.607 seconds
Domain Reload Profiling: 7508ms
	BeginReloadAssembly (702ms)
		ExecutionOrderSort (0ms)
		DisableScriptedObjects (0ms)
		BackupInstance (0ms)
		ReleaseScriptingObjects (0ms)
		CreateAndSetChildDomain (8ms)
	RebuildCommonClasses (308ms)
	RebuildNativeTypeToScriptingClass (90ms)
	initialDomainReloadingComplete (350ms)
	LoadAllAssembliesAndSetupDomain (1448ms)
		LoadAssemblies (705ms)
		RebuildTransferFunctionScriptingTraits (0ms)
		AnalyzeDomain (1409ms)
			TypeCache.Refresh (1397ms)
				TypeCache.ScanAssembly (1313ms)
			BuildScriptInfoCaches (0ms)
			ResolveRequiredComponents (4ms)
	FinalizeReload (4610ms)
		ReleaseScriptCaches (0ms)
		RebuildScriptCaches (0ms)
		SetupLoadedEditorAssemblies (4264ms)
			LogAssemblyErrors (0ms)
			InitializePlatformSupportModulesInManaged (2143ms)
			SetLoadedEditorAssemblies (33ms)
			BeforeProcessingInitializeOnLoad (453ms)
			ProcessInitializeOnLoadAttributes (1112ms)
			ProcessInitializeOnLoadMethodAttributes (521ms)
			AfterProcessingInitializeOnLoad (0ms)
			EditorAssembliesLoaded (1ms)
		ExecutionOrderSort2 (0ms)
		AwakeInstancesAfterBackupRestoration (0ms)
========================================================================
Worker process is ready to serve import requests
Import Worker Mode flag is 0x00
Begin MonoManager ReloadAssembly
- Loaded All Assemblies, in  4.485 seconds
Refreshing native plugins compatible for Editor in 1.11 ms, found 2 plugins.
Native extension for LinuxStandalone target not found
Native extension for iOS target not found
Native extension for Android target not found
Native extension for WindowsStandalone target not found
Native extension for OSXStandalone target not found
Native extension for WebGL target not found
WARNING: RGBA Compressed ASTC6X6 UNorm format is not supported, decompressing texture
WARNING: RGBA Compressed ASTC6X6 sRGB format is not supported, decompressing texture
Mono: successfully reloaded assembly
- Finished resetting the current domain, in  6.246 seconds
Domain Reload Profiling: 10730ms
	BeginReloadAssembly (1119ms)
		ExecutionOrderSort (0ms)
		DisableScriptedObjects (44ms)
		BackupInstance (0ms)
		ReleaseScriptingObjects (0ms)
		CreateAndSetChildDomain (350ms)
	RebuildCommonClasses (317ms)
	RebuildNativeTypeToScriptingClass (100ms)
	initialDomainReloadingComplete (291ms)
	LoadAllAssembliesAndSetupDomain (2654ms)
		LoadAssemblies (2291ms)
		RebuildTransferFunctionScriptingTraits (0ms)
		AnalyzeDomain (880ms)
			TypeCache.Refresh (704ms)
				TypeCache.ScanAssembly (656ms)
			BuildScriptInfoCaches (134ms)
			ResolveRequiredComponents (31ms)
	FinalizeReload (6248ms)
		ReleaseScriptCaches (0ms)
		RebuildScriptCaches (0ms)
		SetupLoadedEditorAssemblies (5421ms)
			LogAssemblyErrors (0ms)
			InitializePlatformSupportModulesInManaged (312ms)
			SetLoadedEditorAssemblies (55ms)
			BeforeProcessingInitializeOnLoad (898ms)
			ProcessInitializeOnLoadAttributes (3836ms)
			ProcessInitializeOnLoadMethodAttributes (316ms)
			AfterProcessingInitializeOnLoad (3ms)
			EditorAssembliesLoaded (1ms)
		ExecutionOrderSort2 (0ms)
		AwakeInstancesAfterBackupRestoration (22ms)
Launching external process: /Applications/Unity/Hub/Editor/6000.0.45f1/Unity.app/Contents/Tools/UnityShaderCompiler
Launched and connected shader compiler UnityShaderCompiler after 0.64 seconds
Refreshing native plugins compatible for Editor in 1.37 ms, found 2 plugins.
Preloading 0 native plugins for Editor in 0.00 ms.
Unloading 214 Unused Serialized files (Serialized files now loaded: 0)
Unloading 5999 unused Assets / (6.3 MB). Loaded Objects now: 6729.
Memory consumption went from 239.9 MB to 233.6 MB.
Total: 28.519424 ms (FindLiveObjects: 1.121879 ms CreateObjectMapping: 1.936777 ms MarkObjects: 13.413497 ms  DeleteObjects: 12.044533 ms)

========================================================================
Received Import Request.
  Time since last request: 13360.307988 seconds.
  path: Assets/Scenes/MysteryScene.unity
  artifactKey: Guid(6d9d89cf47c3b4a6d95eb77281dae22c) Importer(815301076,1909f56bfc062723c751e8b465ee728b)
Start importing Assets/Scenes/MysteryScene.unity using Guid(6d9d89cf47c3b4a6d95eb77281dae22c) Importer(815301076,1909f56bfc062723c751e8b465ee728b) (PreviewImporter) -> (artifact id: 'eeb8379a6850a181693192fd671a403f') in 0.010020794 seconds
Number of updated asset objects reloaded before import = 0Number of asset objects unloaded after import = 0

========================================================================
Received Import Request.
  Time since last request: 427.875574 seconds.
  path: Assets/GameElements/GameImages/MysteryMixScene
  artifactKey: Guid(13ff4e2a30a744267aea60797de7fc04) Importer(815301076,1909f56bfc062723c751e8b465ee728b)
Start importing Assets/GameElements/GameImages/MysteryMixScene using Guid(13ff4e2a30a744267aea60797de7fc04) Importer(815301076,1909f56bfc062723c751e8b465ee728b) (PreviewImporter) -> (artifact id: '7d06de6778b4e148347b71b238ba5f6d') in 0.002228484 seconds
Number of updated asset objects reloaded before import = 0Number of asset objects unloaded after import = 0

========================================================================
Received Import Request.
  Time since last request: 52.417381 seconds.
  path: Assets/GameElements/GameImages/MysteryMixScene/Background.jpeg
  artifactKey: Guid(4b0379dcb79d149f5b971433d6eac7c1) Importer(815301076,1909f56bfc062723c751e8b465ee728b)
Start importing Assets/GameElements/GameImages/MysteryMixScene/Background.jpeg using Guid(4b0379dcb79d149f5b971433d6eac7c1) Importer(815301076,1909f56bfc062723c751e8b465ee728b) (PreviewImporter)WARNING: RGBA Compressed ASTC6X6 sRGB format is not supported, decompressing texture
 -> (artifact id: 'ea3434c919a297971834cb8c3b01a98e') in 0.254274958 seconds
Number of updated asset objects reloaded before import = 0Number of asset objects unloaded after import = 2

========================================================================
Received Import Request.
  Time since last request: 22.705213 seconds.
  path: Assets/GameElements/GameImages/MysteryMixScene/Background.jpeg
  artifactKey: Guid(4b0379dcb79d149f5b971433d6eac7c1) Importer(815301076,1909f56bfc062723c751e8b465ee728b)
Start importing Assets/GameElements/GameImages/MysteryMixScene/Background.jpeg using Guid(4b0379dcb79d149f5b971433d6eac7c1) Importer(815301076,1909f56bfc062723c751e8b465ee728b) (PreviewImporter)WARNING: RGBA Compressed ASTC6X6 sRGB format is not supported, decompressing texture
 -> (artifact id: 'f20c461b78394118d410fb5b1e209cfd') in 0.213569016 seconds
Number of updated asset objects reloaded before import = 0Number of asset objects unloaded after import = 3

========================================================================
Received Import Request.
  Time since last request: 31.202653 seconds.
  path: Assets/GameElements/GameImages/MysteryMixScene/MystreyBackground.jpeg
  artifactKey: Guid(4b0379dcb79d149f5b971433d6eac7c1) Importer(815301076,1909f56bfc062723c751e8b465ee728b)
Start importing Assets/GameElements/GameImages/MysteryMixScene/MystreyBackground.jpeg using Guid(4b0379dcb79d149f5b971433d6eac7c1) Importer(815301076,1909f56bfc062723c751e8b465ee728b) (PreviewImporter)WARNING: RGBA Compressed ASTC6X6 sRGB format is not supported, decompressing texture
 -> (artifact id: '6aea7e0249f3efb392685c40aa43f8f4') in 0.106398706 seconds
Number of updated asset objects reloaded before import = 0Number of asset objects unloaded after import = 3

========================================================================
Received Import Request.
  Time since last request: 232.724744 seconds.
  path: Assets/Scenes/MysteryScene.unity
  artifactKey: Guid(6d9d89cf47c3b4a6d95eb77281dae22c) Importer(815301076,1909f56bfc062723c751e8b465ee728b)
Start importing Assets/Scenes/MysteryScene.unity using Guid(6d9d89cf47c3b4a6d95eb77281dae22c) Importer(815301076,1909f56bfc062723c751e8b465ee728b) (PreviewImporter) -> (artifact id: '0170009a18891f0e814b13d051034073') in 0.001665307 seconds
Number of updated asset objects reloaded before import = 0Number of asset objects unloaded after import = 0

========================================================================
Received Import Request.
  Time since last request: 15.818550 seconds.
  path: Assets/Scenes/AnimalScene.unity
  artifactKey: Guid(036529212c2e341feb11c48759c50c88) Importer(815301076,1909f56bfc062723c751e8b465ee728b)
Start importing Assets/Scenes/AnimalScene.unity using Guid(036529212c2e341feb11c48759c50c88) Importer(815301076,1909f56bfc062723c751e8b465ee728b) (PreviewImporter) -> (artifact id: 'a64e715650b49270dbe0e77ba5cb1184') in 0.001893397 seconds
Number of updated asset objects reloaded before import = 0Number of asset objects unloaded after import = 0

========================================================================
Received Import Request.
  Time since last request: 180.644153 seconds.
  path: Assets/Scenes/MysteryScene.unity
  artifactKey: Guid(6d9d89cf47c3b4a6d95eb77281dae22c) Importer(815301076,1909f56bfc062723c751e8b465ee728b)
Start importing Assets/Scenes/MysteryScene.unity using Guid(6d9d89cf47c3b4a6d95eb77281dae22c) Importer(815301076,1909f56bfc062723c751e8b465ee728b) (PreviewImporter) -> (artifact id: '6e47f873fac0a9d06c399fd05f74de7a') in 0.003094848 seconds
Number of updated asset objects reloaded before import = 0Number of asset objects unloaded after import = 0

========================================================================
Received Import Request.
  Time since last request: 277.112545 seconds.
  path: Assets/Scenes/MysteryScene.unity
  artifactKey: Guid(6d9d89cf47c3b4a6d95eb77281dae22c) Importer(815301076,1909f56bfc062723c751e8b465ee728b)
Start importing Assets/Scenes/MysteryScene.unity using Guid(6d9d89cf47c3b4a6d95eb77281dae22c) Importer(815301076,1909f56bfc062723c751e8b465ee728b) (PreviewImporter) -> (artifact id: 'b7d1228d1b53ccd4cc479d10af61d1c3') in 0.002309868 seconds
Number of updated asset objects reloaded before import = 0Number of asset objects unloaded after import = 0

